2024-09-24T12:22:23.087+08:00  INFO 804 --- [demo] [restartedMain] com.alif.demo.DemoApplication            : Starting DemoApplication using Java 17.0.11 with PID 804 (C:\Users\alif.ruzy\Downloads\demo\target\classes started by alif.ruzy in C:\Users\alif.ruzy\Downloads\demo)
2024-09-24T12:22:23.093+08:00  INFO 804 --- [demo] [restartedMain] com.alif.demo.DemoApplication            : No active profile set, falling back to 1 default profile: "default"
2024-09-24T12:22:23.232+08:00  INFO 804 --- [demo] [restartedMain] .e.DevToolsPropertyDefaultsPostProcessor : Devtools property defaults active! Set 'spring.devtools.add-properties' to 'false' to disable
2024-09-24T12:22:23.233+08:00  INFO 804 --- [demo] [restartedMain] .e.DevToolsPropertyDefaultsPostProcessor : For additional web related logging consider setting the 'logging.level.web' property to 'DEBUG'
2024-09-24T12:22:24.881+08:00  INFO 804 --- [demo] [restartedMain] .s.d.r.c.RepositoryConfigurationDelegate : Bootstrapping Spring Data JPA repositories in DEFAULT mode.
2024-09-24T12:22:25.024+08:00  INFO 804 --- [demo] [restartedMain] .s.d.r.c.RepositoryConfigurationDelegate : Finished Spring Data repository scanning in 122 ms. Found 1 JPA repository interface.
2024-09-24T12:22:26.825+08:00  INFO 804 --- [demo] [restartedMain] o.s.b.w.embedded.tomcat.TomcatWebServer  : Tomcat initialized with port 8080 (http)
2024-09-24T12:22:26.856+08:00  INFO 804 --- [demo] [restartedMain] o.apache.catalina.core.StandardService   : Starting service [Tomcat]
2024-09-24T12:22:26.857+08:00  INFO 804 --- [demo] [restartedMain] o.apache.catalina.core.StandardEngine    : Starting Servlet engine: [Apache Tomcat/10.1.30]
2024-09-24T12:22:26.973+08:00  INFO 804 --- [demo] [restartedMain] o.a.c.c.C.[Tomcat].[localhost].[/]       : Initializing Spring embedded WebApplicationContext
2024-09-24T12:22:26.974+08:00  INFO 804 --- [demo] [restartedMain] w.s.c.ServletWebServerApplicationContext : Root WebApplicationContext: initialization completed in 3739 ms
2024-09-24T12:22:27.449+08:00  INFO 804 --- [demo] [restartedMain] o.hibernate.jpa.internal.util.LogHelper  : HHH000204: Processing PersistenceUnitInfo [name: default]
2024-09-24T12:22:27.586+08:00  INFO 804 --- [demo] [restartedMain] org.hibernate.Version                    : HHH000412: Hibernate ORM core version 6.5.3.Final
2024-09-24T12:22:27.698+08:00  INFO 804 --- [demo] [restartedMain] o.h.c.internal.RegionFactoryInitiator    : HHH000026: Second-level cache disabled
2024-09-24T12:22:28.437+08:00  INFO 804 --- [demo] [restartedMain] o.s.o.j.p.SpringPersistenceUnitInfo      : No LoadTimeWeaver setup: ignoring JPA class transformer
2024-09-24T12:22:28.505+08:00  INFO 804 --- [demo] [restartedMain] com.zaxxer.hikari.HikariDataSource       : HikariPool-1 - Starting...
2024-09-24T12:22:29.050+08:00  INFO 804 --- [demo] [restartedMain] com.zaxxer.hikari.pool.HikariPool        : HikariPool-1 - Added connection ConnectionID:1 ClientConnectionId: 373208e5-cf6e-40e2-8dab-23f61dcb7b88
2024-09-24T12:22:29.053+08:00  INFO 804 --- [demo] [restartedMain] com.zaxxer.hikari.HikariDataSource       : HikariPool-1 - Start completed.
2024-09-24T12:22:29.099+08:00  WARN 804 --- [demo] [restartedMain] org.hibernate.orm.deprecation            : HHH90000025: SQLServerDialect does not need to be specified explicitly using 'hibernate.dialect' (remove the property setting and it will be selected by default)
2024-09-24T12:22:30.528+08:00  INFO 804 --- [demo] [restartedMain] o.h.e.t.j.p.i.JtaPlatformInitiator       : HHH000489: No JTA platform available (set 'hibernate.transaction.jta.platform' to enable JTA platform integration)
2024-09-24T12:22:30.583+08:00  INFO 804 --- [demo] [restartedMain] j.LocalContainerEntityManagerFactoryBean : Initialized JPA EntityManagerFactory for persistence unit 'default'
2024-09-24T12:22:31.378+08:00  WARN 804 --- [demo] [restartedMain] JpaBaseConfiguration$JpaWebConfiguration : spring.jpa.open-in-view is enabled by default. Therefore, database queries may be performed during view rendering. Explicitly configure spring.jpa.open-in-view to disable this warning
2024-09-24T12:22:32.042+08:00  INFO 804 --- [demo] [restartedMain] o.s.b.d.a.OptionalLiveReloadServer       : LiveReload server is running on port 35729
2024-09-24T12:22:32.121+08:00  INFO 804 --- [demo] [restartedMain] o.s.b.w.embedded.tomcat.TomcatWebServer  : Tomcat started on port 8080 (http) with context path '/'
2024-09-24T12:22:32.144+08:00  INFO 804 --- [demo] [restartedMain] com.alif.demo.DemoApplication            : Started DemoApplication in 10.014 seconds (process running for 11.206)
2024-09-24T12:23:05.678+08:00  INFO 804 --- [demo] [http-nio-8080-exec-1] o.a.c.c.C.[Tomcat].[localhost].[/]       : Initializing Spring DispatcherServlet 'dispatcherServlet'
2024-09-24T12:23:05.678+08:00  INFO 804 --- [demo] [http-nio-8080-exec-1] o.s.web.servlet.DispatcherServlet        : Initializing Servlet 'dispatcherServlet'
2024-09-24T12:23:05.680+08:00  INFO 804 --- [demo] [http-nio-8080-exec-1] o.s.web.servlet.DispatcherServlet        : Completed initialization in 1 ms
2024-09-24T12:23:05.949+08:00  INFO 804 --- [demo] [http-nio-8080-exec-1] com.alif.demo.todo.TodoController        : Todos get all: [com.alif.demo.todo.Todo@19229c97, com.alif.demo.todo.Todo@27c335ef, com.alif.demo.todo.Todo@2a08c3a4, com.alif.demo.todo.Todo@5111acb7, com.alif.demo.todo.Todo@3c85cb8, com.alif.demo.todo.Todo@3d1a7d63, com.alif.demo.todo.Todo@51e39c87, com.alif.demo.todo.Todo@d4bf618, com.alif.demo.todo.Todo@4c275695, com.alif.demo.todo.Todo@22b8db17, com.alif.demo.todo.Todo@6ff26c63, com.alif.demo.todo.Todo@3ddbbcb3, com.alif.demo.todo.Todo@4bbed663, com.alif.demo.todo.Todo@2fbacc60, com.alif.demo.todo.Todo@eb9f9a1, com.alif.demo.todo.Todo@7719edda, com.alif.demo.todo.Todo@1dc06c85, com.alif.demo.todo.Todo@67d0d194, com.alif.demo.todo.Todo@2665583e, com.alif.demo.todo.Todo@1eaa0615, com.alif.demo.todo.Todo@10e501, com.alif.demo.todo.Todo@61adc8e6, com.alif.demo.todo.Todo@6d85d845, com.alif.demo.todo.Todo@2351e14e, com.alif.demo.todo.Todo@24ee30c8, com.alif.demo.todo.Todo@2b8b364b, com.alif.demo.todo.Todo@688f848f, com.alif.demo.todo.Todo@44784341, com.alif.demo.todo.Todo@11c54376, com.alif.demo.todo.Todo@638e166b, com.alif.demo.todo.Todo@77314d69, com.alif.demo.todo.Todo@71556a85, com.alif.demo.todo.Todo@4ab0492a, com.alif.demo.todo.Todo@599e3359, com.alif.demo.todo.Todo@24396706, com.alif.demo.todo.Todo@7ee23046, com.alif.demo.todo.Todo@36d3dfa9, com.alif.demo.todo.Todo@1e7f36d1, com.alif.demo.todo.Todo@7111634f, com.alif.demo.todo.Todo@1e1e0d2b, com.alif.demo.todo.Todo@3618b7d6, com.alif.demo.todo.Todo@5136c67a, com.alif.demo.todo.Todo@2bc7cc08, com.alif.demo.todo.Todo@455eeb0e, com.alif.demo.todo.Todo@360b5274, com.alif.demo.todo.Todo@516947d9, com.alif.demo.todo.Todo@44db6670, com.alif.demo.todo.Todo@76eff37e, com.alif.demo.todo.Todo@1a1b9725, com.alif.demo.todo.Todo@1574c30, com.alif.demo.todo.Todo@1e20428c, com.alif.demo.todo.Todo@175d2635, com.alif.demo.todo.Todo@51392944, com.alif.demo.todo.Todo@6ab4d99f, com.alif.demo.todo.Todo@761cd267, com.alif.demo.todo.Todo@80e3e1f, com.alif.demo.todo.Todo@10e54553, com.alif.demo.todo.Todo@5cd10ef1, com.alif.demo.todo.Todo@4cce70e6, com.alif.demo.todo.Todo@354941a6, com.alif.demo.todo.Todo@f3c5581, com.alif.demo.todo.Todo@5bce6411, com.alif.demo.todo.Todo@64b876ce, com.alif.demo.todo.Todo@1b835f8e, com.alif.demo.todo.Todo@767e8122, com.alif.demo.todo.Todo@5e389d10, com.alif.demo.todo.Todo@79119e1f, com.alif.demo.todo.Todo@78efc19c, com.alif.demo.todo.Todo@7a9a3832, com.alif.demo.todo.Todo@60d0ea6c, com.alif.demo.todo.Todo@15c4610f, com.alif.demo.todo.Todo@13a1b10a, com.alif.demo.todo.Todo@38d140e4, com.alif.demo.todo.Todo@5fb54e18, com.alif.demo.todo.Todo@69cf80f8, com.alif.demo.todo.Todo@77f8452a, com.alif.demo.todo.Todo@459cfd51, com.alif.demo.todo.Todo@302cae74, com.alif.demo.todo.Todo@25f130c9, com.alif.demo.todo.Todo@1095e048, com.alif.demo.todo.Todo@32c1e17e, com.alif.demo.todo.Todo@674bb65c, com.alif.demo.todo.Todo@4b10a504, com.alif.demo.todo.Todo@74388b8e, com.alif.demo.todo.Todo@49cf5e66, com.alif.demo.todo.Todo@738cf855, com.alif.demo.todo.Todo@3dfa5ba5, com.alif.demo.todo.Todo@d2ed36f, com.alif.demo.todo.Todo@3e2180c2, com.alif.demo.todo.Todo@2afb9903, com.alif.demo.todo.Todo@45b3d88a, com.alif.demo.todo.Todo@3e7ddef8, com.alif.demo.todo.Todo@c687e65, com.alif.demo.todo.Todo@7a2ddd6a, com.alif.demo.todo.Todo@21013d2d, com.alif.demo.todo.Todo@71dbbdeb, com.alif.demo.todo.Todo@3e8f6ee3, com.alif.demo.todo.Todo@2add22d5, com.alif.demo.todo.Todo@29d8af6, com.alif.demo.todo.Todo@2e855bab]
2024-09-24T12:26:15.126+08:00  INFO 804 --- [demo] [SpringApplicationShutdownHook] j.LocalContainerEntityManagerFactoryBean : Closing JPA EntityManagerFactory for persistence unit 'default'
2024-09-24T12:26:15.157+08:00  INFO 804 --- [demo] [SpringApplicationShutdownHook] com.zaxxer.hikari.HikariDataSource       : HikariPool-1 - Shutdown initiated...
2024-09-24T12:26:15.166+08:00  INFO 804 --- [demo] [SpringApplicationShutdownHook] com.zaxxer.hikari.HikariDataSource       : HikariPool-1 - Shutdown completed.
2024-09-24T12:26:21.856+08:00  INFO 5204 --- [demo] [restartedMain] com.alif.demo.DemoApplication            : Starting DemoApplication using Java 17.0.11 with PID 5204 (C:\Users\alif.ruzy\Downloads\demo\target\classes started by alif.ruzy in C:\Users\alif.ruzy\Downloads\demo)
2024-09-24T12:26:21.861+08:00  INFO 5204 --- [demo] [restartedMain] com.alif.demo.DemoApplication            : No active profile set, falling back to 1 default profile: "default"
2024-09-24T12:26:21.975+08:00  INFO 5204 --- [demo] [restartedMain] .e.DevToolsPropertyDefaultsPostProcessor : Devtools property defaults active! Set 'spring.devtools.add-properties' to 'false' to disable
2024-09-24T12:26:21.975+08:00  INFO 5204 --- [demo] [restartedMain] .e.DevToolsPropertyDefaultsPostProcessor : For additional web related logging consider setting the 'logging.level.web' property to 'DEBUG'
2024-09-24T12:26:23.179+08:00  INFO 5204 --- [demo] [restartedMain] .s.d.r.c.RepositoryConfigurationDelegate : Bootstrapping Spring Data JPA repositories in DEFAULT mode.
2024-09-24T12:26:23.294+08:00  INFO 5204 --- [demo] [restartedMain] .s.d.r.c.RepositoryConfigurationDelegate : Finished Spring Data repository scanning in 100 ms. Found 1 JPA repository interface.
2024-09-24T12:26:24.694+08:00  INFO 5204 --- [demo] [restartedMain] o.s.b.w.embedded.tomcat.TomcatWebServer  : Tomcat initialized with port 8080 (http)
2024-09-24T12:26:24.720+08:00  INFO 5204 --- [demo] [restartedMain] o.apache.catalina.core.StandardService   : Starting service [Tomcat]
2024-09-24T12:26:24.721+08:00  INFO 5204 --- [demo] [restartedMain] o.apache.catalina.core.StandardEngine    : Starting Servlet engine: [Apache Tomcat/10.1.30]
2024-09-24T12:26:24.837+08:00  INFO 5204 --- [demo] [restartedMain] o.a.c.c.C.[Tomcat].[localhost].[/]       : Initializing Spring embedded WebApplicationContext
2024-09-24T12:26:24.838+08:00  INFO 5204 --- [demo] [restartedMain] w.s.c.ServletWebServerApplicationContext : Root WebApplicationContext: initialization completed in 2862 ms
2024-09-24T12:26:25.269+08:00  INFO 5204 --- [demo] [restartedMain] o.hibernate.jpa.internal.util.LogHelper  : HHH000204: Processing PersistenceUnitInfo [name: default]
2024-09-24T12:26:25.423+08:00  INFO 5204 --- [demo] [restartedMain] org.hibernate.Version                    : HHH000412: Hibernate ORM core version 6.5.3.Final
2024-09-24T12:26:25.523+08:00  INFO 5204 --- [demo] [restartedMain] o.h.c.internal.RegionFactoryInitiator    : HHH000026: Second-level cache disabled
2024-09-24T12:26:26.190+08:00  INFO 5204 --- [demo] [restartedMain] o.s.o.j.p.SpringPersistenceUnitInfo      : No LoadTimeWeaver setup: ignoring JPA class transformer
2024-09-24T12:26:26.246+08:00  INFO 5204 --- [demo] [restartedMain] com.zaxxer.hikari.HikariDataSource       : HikariPool-1 - Starting...
2024-09-24T12:26:26.689+08:00  INFO 5204 --- [demo] [restartedMain] com.zaxxer.hikari.pool.HikariPool        : HikariPool-1 - Added connection ConnectionID:1 ClientConnectionId: 7f52b2b7-de6c-4092-a21e-9307067c8e68
2024-09-24T12:26:26.693+08:00  INFO 5204 --- [demo] [restartedMain] com.zaxxer.hikari.HikariDataSource       : HikariPool-1 - Start completed.
2024-09-24T12:26:26.736+08:00  WARN 5204 --- [demo] [restartedMain] org.hibernate.orm.deprecation            : HHH90000025: SQLServerDialect does not need to be specified explicitly using 'hibernate.dialect' (remove the property setting and it will be selected by default)
2024-09-24T12:26:28.003+08:00  INFO 5204 --- [demo] [restartedMain] o.h.e.t.j.p.i.JtaPlatformInitiator       : HHH000489: No JTA platform available (set 'hibernate.transaction.jta.platform' to enable JTA platform integration)
2024-09-24T12:26:28.049+08:00  INFO 5204 --- [demo] [restartedMain] j.LocalContainerEntityManagerFactoryBean : Initialized JPA EntityManagerFactory for persistence unit 'default'
2024-09-24T12:26:28.759+08:00  WARN 5204 --- [demo] [restartedMain] JpaBaseConfiguration$JpaWebConfiguration : spring.jpa.open-in-view is enabled by default. Therefore, database queries may be performed during view rendering. Explicitly configure spring.jpa.open-in-view to disable this warning
2024-09-24T12:26:29.275+08:00  INFO 5204 --- [demo] [restartedMain] o.s.b.d.a.OptionalLiveReloadServer       : LiveReload server is running on port 35729
2024-09-24T12:26:29.333+08:00  INFO 5204 --- [demo] [restartedMain] o.s.b.w.embedded.tomcat.TomcatWebServer  : Tomcat started on port 8080 (http) with context path '/'
2024-09-24T12:26:29.353+08:00  INFO 5204 --- [demo] [restartedMain] com.alif.demo.DemoApplication            : Started DemoApplication in 8.371 seconds (process running for 9.277)
2024-09-24T12:26:32.739+08:00  INFO 5204 --- [demo] [http-nio-8080-exec-1] o.a.c.c.C.[Tomcat].[localhost].[/]       : Initializing Spring DispatcherServlet 'dispatcherServlet'
2024-09-24T12:26:32.739+08:00  INFO 5204 --- [demo] [http-nio-8080-exec-1] o.s.web.servlet.DispatcherServlet        : Initializing Servlet 'dispatcherServlet'
2024-09-24T12:26:32.740+08:00  INFO 5204 --- [demo] [http-nio-8080-exec-1] o.s.web.servlet.DispatcherServlet        : Completed initialization in 0 ms
2024-09-24T12:26:32.936+08:00  INFO 5204 --- [demo] [http-nio-8080-exec-1] com.alif.demo.todo.TodoController        : Todos get all: [Todo(id=1, taskName=Reiciendis laborum dolorem qui eveniet autem., completed=false), Todo(id=2, taskName=Distinctio nihil et omnis hic occaecati aut alias non., completed=false), Todo(id=3, taskName=Commodi enim est nulla occaecati quia quo., completed=true), Todo(id=4, taskName=Ullam aliquid nostrum beatae nesciunt et tempore occaecati aut alias., completed=false), Todo(id=5, taskName=Nulla quis dicta ad accusamus reiciendis eos natus., completed=false), Todo(id=6, taskName=Iure et dolores quibusdam consequatur molestiae sed ex inventore similique., completed=true), Todo(id=7, taskName=Autem optio in et et incidunt eos., completed=true), Todo(id=8, taskName=Excepturi qui alias est modi ipsam ut consequatur animi., completed=true), Todo(id=9, taskName=Similique fuga ratione aut qui est perferendis., completed=true), Todo(id=10, taskName=Iste harum dolorem reiciendis aut unde aut quia molestias quibusdam., completed=false), Todo(id=11, taskName=Iure autem nihil magnam cupiditate consectetur ullam consequatur porro., completed=true), Todo(id=12, taskName=Et delectus iure saepe molestiae., completed=true), Todo(id=13, taskName=Enim ut molestiae inventore in harum voluptates laudantium et error., completed=false), Todo(id=14, taskName=Nobis qui et necessitatibus sed accusamus nostrum ut dicta rem., completed=false), Todo(id=15, taskName=Ab excepturi numquam possimus ea qui dolores ipsum labore quis., completed=true), Todo(id=16, taskName=Exercitationem quis totam corrupti cupiditate., completed=false), Todo(id=17, taskName=Ipsum quibusdam voluptatem voluptates ullam voluptas., completed=true), Todo(id=18, taskName=Labore similique aperiam autem ut ea., completed=false), Todo(id=19, taskName=Laudantium atque quidem aspernatur eaque facere voluptate neque doloribus., completed=true), Todo(id=20, taskName=Corporis id velit rem ut dolore aut soluta iure., completed=true), Todo(id=21, taskName=Ad et nobis fuga perspiciatis provident debitis enim dolorum., completed=true), Todo(id=22, taskName=Enim est sit praesentium exercitationem suscipit vel magni tempora tempore., completed=false), Todo(id=23, taskName=Qui et sed beatae enim molestiae., completed=true), Todo(id=24, taskName=Odio et saepe sapiente iste similique molestiae., completed=true), Todo(id=25, taskName=Amet laudantium tempore et fugit., completed=false), Todo(id=26, taskName=Sequi amet eaque voluptates velit voluptatem delectus., completed=false), Todo(id=27, taskName=Voluptas consequatur reprehenderit sequi sed et., completed=false), Todo(id=28, taskName=Et et dicta eaque et accusamus., completed=false), Todo(id=29, taskName=Est ut reprehenderit porro dolor qui in ducimus., completed=false), Todo(id=30, taskName=Ducimus et id tempora minima non molestiae., completed=false), Todo(id=31, taskName=Non facere voluptatem modi ab debitis et quo., completed=false), Todo(id=32, taskName=Pariatur animi quisquam eveniet molestiae quod dolorem atque., completed=true), Todo(id=33, taskName=Est nostrum sapiente dolores ipsa a repudiandae necessitatibus aut., completed=false), Todo(id=34, taskName=Quos fugit nulla corrupti quisquam voluptates., completed=false), Todo(id=35, taskName=Saepe sunt quo modi quo molestiae aliquam cum beatae., completed=true), Todo(id=36, taskName=Laboriosam omnis nemo accusamus nihil consectetur accusamus., completed=true), Todo(id=37, taskName=Fugit facilis dolores omnis est., completed=true), Todo(id=38, taskName=Magnam qui voluptas provident reiciendis., completed=false), Todo(id=39, taskName=Ratione eaque et et voluptas occaecati quia nemo., completed=false), Todo(id=40, taskName=Labore veritatis error molestiae ad quis quia quod., completed=true), Todo(id=41, taskName=Atque accusantium aut magnam quaerat qui ut provident., completed=true), Todo(id=42, taskName=Autem rerum dolorem qui et., completed=true), Todo(id=43, taskName=Earum deserunt velit ullam a expedita pariatur et., completed=true), Todo(id=44, taskName=Hic qui voluptatem et eaque., completed=false), Todo(id=45, taskName=Nihil vero iusto inventore doloribus aut et., completed=true), Todo(id=46, taskName=Necessitatibus assumenda corporis voluptas error ipsa cum., completed=false), Todo(id=47, taskName=Ex laboriosam omnis aut nulla magnam pariatur rerum., completed=true), Todo(id=48, taskName=Laboriosam optio sed repellat nesciunt perspiciatis earum et porro., completed=false), Todo(id=49, taskName=Nesciunt vel sit odit ut provident et explicabo., completed=true), Todo(id=50, taskName=Doloremque sapiente non ut voluptatem rerum sint impedit eius., completed=false), Todo(id=51, taskName=Dolorem recusandae quas dolorem blanditiis rerum delectus nostrum molestiae., completed=false), Todo(id=52, taskName=Veniam ducimus cumque ipsum sed voluptates iusto et., completed=false), Todo(id=53, taskName=Consequatur natus dolore soluta veniam deserunt dolor voluptas quod., completed=true), Todo(id=54, taskName=Autem ad qui reiciendis quis quo libero necessitatibus perferendis quaerat., completed=false), Todo(id=55, taskName=Ea non qui nemo laudantium eum blanditiis explicabo quasi., completed=true), Todo(id=56, taskName=Tempora cum aspernatur est rerum in modi qui., completed=false), Todo(id=57, taskName=Non dolor error fugiat optio nisi commodi eaque nisi., completed=false), Todo(id=58, taskName=Dolore enim est veritatis ipsum ipsa omnis nostrum ut., completed=true), Todo(id=59, taskName=Accusamus ratione cum consequatur nostrum., completed=false), Todo(id=60, taskName=Aut id nulla quia assumenda rerum., completed=false), Todo(id=61, taskName=Aperiam ut expedita error voluptate., completed=true), Todo(id=62, taskName=Est culpa aut asperiores non voluptas totam sit eum., completed=true), Todo(id=63, taskName=A et quae iure laborum., completed=true), Todo(id=64, taskName=Minus ipsam velit nesciunt aliquid a corporis voluptates., completed=false), Todo(id=65, taskName=Quo dolorum iusto saepe quas officiis sit et., completed=false), Todo(id=66, taskName=Qui dicta laudantium sint illo iste consectetur praesentium., completed=true), Todo(id=67, taskName=Quo et temporibus dolor ipsa ut mollitia sequi explicabo., completed=true), Todo(id=68, taskName=Dolor quibusdam vitae natus dolor omnis eum architecto et., completed=true), Todo(id=69, taskName=Officia omnis odit autem ad natus iure., completed=false), Todo(id=70, taskName=Minus temporibus sit suscipit facere repellat nemo., completed=true), Todo(id=71, taskName=Ratione est minus in reiciendis et consequatur amet consequatur., completed=true), Todo(id=72, taskName=Aut ratione optio eos laudantium amet tempora aut magni., completed=false), Todo(id=73, taskName=Ea dolores laboriosam veritatis itaque praesentium officiis neque., completed=false), Todo(id=74, taskName=Architecto nihil est voluptate quidem., completed=true), Todo(id=75, taskName=Quasi qui asperiores ipsum vitae atque., completed=true), Todo(id=76, taskName=Et nisi est nobis repellendus occaecati beatae cum., completed=false), Todo(id=77, taskName=Ipsum harum ipsam necessitatibus veniam quam., completed=false), Todo(id=78, taskName=Voluptas officiis eligendi deleniti assumenda., completed=true), Todo(id=79, taskName=Magnam error quia mollitia temporibus., completed=false), Todo(id=80, taskName=Error aut et aut ut enim., completed=true), Todo(id=81, taskName=Earum laudantium sint officiis adipisci non officia quasi voluptatem ullam., completed=true), Todo(id=82, taskName=Qui earum voluptatibus maiores quia., completed=true), Todo(id=83, taskName=Quos corporis veritatis nihil eos molestiae necessitatibus nihil ea repudiandae., completed=true), Todo(id=84, taskName=Blanditiis quae nihil eius dolor placeat voluptate dolorum deserunt dolorem., completed=false), Todo(id=85, taskName=Illo quia ipsa est expedita id temporibus eum., completed=true), Todo(id=86, taskName=Nam aliquam nostrum exercitationem assumenda architecto doloremque repellendus., completed=true), Todo(id=87, taskName=Modi debitis quia provident magnam., completed=false), Todo(id=88, taskName=Enim cum officiis omnis qui amet., completed=false), Todo(id=89, taskName=Beatae repudiandae fuga aut sunt in corrupti minus perspiciatis laudantium., completed=false), Todo(id=90, taskName=Voluptatem in quis atque sed., completed=true), Todo(id=91, taskName=Est aliquid in magnam deserunt est aliquid., completed=true), Todo(id=92, taskName=Labore dolores explicabo voluptatem natus., completed=false), Todo(id=93, taskName=Magnam corporis inventore magni ad praesentium non tempora aliquid illum., completed=false), Todo(id=94, taskName=Nihil laborum asperiores saepe fuga veritatis pariatur., completed=false), Todo(id=95, taskName=Sit omnis sit doloremque atque voluptas beatae qui et numquam., completed=false), Todo(id=96, taskName=Veritatis vero commodi dolor aut ratione deleniti., completed=false), Todo(id=97, taskName=Magni esse quam illum est molestiae., completed=false), Todo(id=98, taskName=Perferendis culpa et tempore consequatur nesciunt placeat voluptas et., completed=true), Todo(id=99, taskName=Ipsa eligendi velit animi molestias molestiae voluptate quo consequatur reprehenderit., completed=false), Todo(id=100, taskName=Qui laudantium occaecati voluptates consequuntur sed quam aut consectetur nulla., completed=false)]
2024-09-24T12:27:11.854+08:00  INFO 5204 --- [demo] [SpringApplicationShutdownHook] j.LocalContainerEntityManagerFactoryBean : Closing JPA EntityManagerFactory for persistence unit 'default'
2024-09-24T12:27:11.881+08:00  INFO 5204 --- [demo] [SpringApplicationShutdownHook] com.zaxxer.hikari.HikariDataSource       : HikariPool-1 - Shutdown initiated...
2024-09-24T12:27:11.891+08:00  INFO 5204 --- [demo] [SpringApplicationShutdownHook] com.zaxxer.hikari.HikariDataSource       : HikariPool-1 - Shutdown completed.
2024-09-24T12:27:20.922+08:00  INFO 3708 --- [demo] [restartedMain] com.alif.demo.DemoApplication            : Starting DemoApplication using Java 17.0.11 with PID 3708 (C:\Users\alif.ruzy\Downloads\demo\target\classes started by alif.ruzy in C:\Users\alif.ruzy\Downloads\demo)
2024-09-24T12:27:20.933+08:00  INFO 3708 --- [demo] [restartedMain] com.alif.demo.DemoApplication            : No active profile set, falling back to 1 default profile: "default"
2024-09-24T12:27:21.094+08:00  INFO 3708 --- [demo] [restartedMain] .e.DevToolsPropertyDefaultsPostProcessor : Devtools property defaults active! Set 'spring.devtools.add-properties' to 'false' to disable
2024-09-24T12:27:21.096+08:00  INFO 3708 --- [demo] [restartedMain] .e.DevToolsPropertyDefaultsPostProcessor : For additional web related logging consider setting the 'logging.level.web' property to 'DEBUG'
2024-09-24T12:27:22.827+08:00  INFO 3708 --- [demo] [restartedMain] .s.d.r.c.RepositoryConfigurationDelegate : Bootstrapping Spring Data JPA repositories in DEFAULT mode.
2024-09-24T12:27:23.009+08:00  INFO 3708 --- [demo] [restartedMain] .s.d.r.c.RepositoryConfigurationDelegate : Finished Spring Data repository scanning in 135 ms. Found 1 JPA repository interface.
2024-09-24T12:27:24.346+08:00  INFO 3708 --- [demo] [restartedMain] o.s.b.w.embedded.tomcat.TomcatWebServer  : Tomcat initialized with port 8080 (http)
2024-09-24T12:27:24.369+08:00  INFO 3708 --- [demo] [restartedMain] o.apache.catalina.core.StandardService   : Starting service [Tomcat]
2024-09-24T12:27:24.369+08:00  INFO 3708 --- [demo] [restartedMain] o.apache.catalina.core.StandardEngine    : Starting Servlet engine: [Apache Tomcat/10.1.30]
2024-09-24T12:27:24.469+08:00  INFO 3708 --- [demo] [restartedMain] o.a.c.c.C.[Tomcat].[localhost].[/]       : Initializing Spring embedded WebApplicationContext
2024-09-24T12:27:24.470+08:00  INFO 3708 --- [demo] [restartedMain] w.s.c.ServletWebServerApplicationContext : Root WebApplicationContext: initialization completed in 3372 ms
2024-09-24T12:27:24.823+08:00  INFO 3708 --- [demo] [restartedMain] o.hibernate.jpa.internal.util.LogHelper  : HHH000204: Processing PersistenceUnitInfo [name: default]
2024-09-24T12:27:24.932+08:00  INFO 3708 --- [demo] [restartedMain] org.hibernate.Version                    : HHH000412: Hibernate ORM core version 6.5.3.Final
2024-09-24T12:27:24.994+08:00  INFO 3708 --- [demo] [restartedMain] o.h.c.internal.RegionFactoryInitiator    : HHH000026: Second-level cache disabled
2024-09-24T12:27:25.549+08:00  INFO 3708 --- [demo] [restartedMain] o.s.o.j.p.SpringPersistenceUnitInfo      : No LoadTimeWeaver setup: ignoring JPA class transformer
2024-09-24T12:27:25.606+08:00  INFO 3708 --- [demo] [restartedMain] com.zaxxer.hikari.HikariDataSource       : HikariPool-1 - Starting...
2024-09-24T12:27:26.055+08:00  INFO 3708 --- [demo] [restartedMain] com.zaxxer.hikari.pool.HikariPool        : HikariPool-1 - Added connection ConnectionID:1 ClientConnectionId: 1a10213f-6cbe-4214-8572-bec396053ccc
2024-09-24T12:27:26.059+08:00  INFO 3708 --- [demo] [restartedMain] com.zaxxer.hikari.HikariDataSource       : HikariPool-1 - Start completed.
2024-09-24T12:27:26.102+08:00  WARN 3708 --- [demo] [restartedMain] org.hibernate.orm.deprecation            : HHH90000025: SQLServerDialect does not need to be specified explicitly using 'hibernate.dialect' (remove the property setting and it will be selected by default)
2024-09-24T12:27:27.471+08:00  INFO 3708 --- [demo] [restartedMain] o.h.e.t.j.p.i.JtaPlatformInitiator       : HHH000489: No JTA platform available (set 'hibernate.transaction.jta.platform' to enable JTA platform integration)
2024-09-24T12:27:27.520+08:00  INFO 3708 --- [demo] [restartedMain] j.LocalContainerEntityManagerFactoryBean : Initialized JPA EntityManagerFactory for persistence unit 'default'
2024-09-24T12:27:28.266+08:00  WARN 3708 --- [demo] [restartedMain] JpaBaseConfiguration$JpaWebConfiguration : spring.jpa.open-in-view is enabled by default. Therefore, database queries may be performed during view rendering. Explicitly configure spring.jpa.open-in-view to disable this warning
2024-09-24T12:27:29.091+08:00  INFO 3708 --- [demo] [restartedMain] o.s.b.d.a.OptionalLiveReloadServer       : LiveReload server is running on port 35729
2024-09-24T12:27:29.162+08:00  INFO 3708 --- [demo] [restartedMain] o.s.b.w.embedded.tomcat.TomcatWebServer  : Tomcat started on port 8080 (http) with context path '/'
2024-09-24T12:27:29.197+08:00  INFO 3708 --- [demo] [restartedMain] com.alif.demo.DemoApplication            : Started DemoApplication in 9.797 seconds (process running for 11.156)
2024-09-24T12:28:19.666+08:00  INFO 3708 --- [demo] [http-nio-8080-exec-1] o.a.c.c.C.[Tomcat].[localhost].[/]       : Initializing Spring DispatcherServlet 'dispatcherServlet'
2024-09-24T12:28:19.667+08:00  INFO 3708 --- [demo] [http-nio-8080-exec-1] o.s.web.servlet.DispatcherServlet        : Initializing Servlet 'dispatcherServlet'
2024-09-24T12:28:19.669+08:00  INFO 3708 --- [demo] [http-nio-8080-exec-1] o.s.web.servlet.DispatcherServlet        : Completed initialization in 2 ms
2024-09-24T12:28:19.822+08:00  INFO 3708 --- [demo] [http-nio-8080-exec-1] com.alif.demo.todo.TodoController        : Todo save: Todo(id=101, taskName=update, completed=false)
2024-09-24T12:29:08.814+08:00  INFO 3708 --- [demo] [http-nio-8080-exec-3] com.alif.demo.todo.TodoController        : Todo update: Todo(id=1, taskName=Add your name in the bodydsadsdsads update, completed=true)
2024-09-24T12:29:22.502+08:00  INFO 3708 --- [demo] [SpringApplicationShutdownHook] j.LocalContainerEntityManagerFactoryBean : Closing JPA EntityManagerFactory for persistence unit 'default'
2024-09-24T12:29:22.521+08:00  INFO 3708 --- [demo] [SpringApplicationShutdownHook] com.zaxxer.hikari.HikariDataSource       : HikariPool-1 - Shutdown initiated...
2024-09-24T12:29:22.526+08:00  INFO 3708 --- [demo] [SpringApplicationShutdownHook] com.zaxxer.hikari.HikariDataSource       : HikariPool-1 - Shutdown completed.
2024-09-24T13:18:14.019+08:00  INFO 5932 --- [demo] [restartedMain] com.alif.demo.DemoApplication            : Starting DemoApplication using Java 17.0.11 with PID 5932 (C:\Users\alif.ruzy\Desktop\spring-boot-demo\target\classes started by alif.ruzy in C:\Users\alif.ruzy\Desktop\spring-boot-demo)
2024-09-24T13:18:14.029+08:00  INFO 5932 --- [demo] [restartedMain] com.alif.demo.DemoApplication            : No active profile set, falling back to 1 default profile: "default"
2024-09-24T13:18:14.321+08:00  INFO 5932 --- [demo] [restartedMain] .e.DevToolsPropertyDefaultsPostProcessor : Devtools property defaults active! Set 'spring.devtools.add-properties' to 'false' to disable
2024-09-24T13:18:14.322+08:00  INFO 5932 --- [demo] [restartedMain] .e.DevToolsPropertyDefaultsPostProcessor : For additional web related logging consider setting the 'logging.level.web' property to 'DEBUG'
2024-09-24T13:18:17.706+08:00  INFO 5932 --- [demo] [restartedMain] .s.d.r.c.RepositoryConfigurationDelegate : Bootstrapping Spring Data JPA repositories in DEFAULT mode.
2024-09-24T13:18:17.886+08:00  INFO 5932 --- [demo] [restartedMain] .s.d.r.c.RepositoryConfigurationDelegate : Finished Spring Data repository scanning in 142 ms. Found 1 JPA repository interface.
2024-09-24T13:18:19.953+08:00  INFO 5932 --- [demo] [restartedMain] o.s.b.w.embedded.tomcat.TomcatWebServer  : Tomcat initialized with port 8080 (http)
2024-09-24T13:18:19.978+08:00  INFO 5932 --- [demo] [restartedMain] o.apache.catalina.core.StandardService   : Starting service [Tomcat]
2024-09-24T13:18:19.979+08:00  INFO 5932 --- [demo] [restartedMain] o.apache.catalina.core.StandardEngine    : Starting Servlet engine: [Apache Tomcat/10.1.30]
2024-09-24T13:18:20.094+08:00  INFO 5932 --- [demo] [restartedMain] o.a.c.c.C.[Tomcat].[localhost].[/]       : Initializing Spring embedded WebApplicationContext
2024-09-24T13:18:20.095+08:00  INFO 5932 --- [demo] [restartedMain] w.s.c.ServletWebServerApplicationContext : Root WebApplicationContext: initialization completed in 5770 ms
2024-09-24T13:18:20.662+08:00  INFO 5932 --- [demo] [restartedMain] o.hibernate.jpa.internal.util.LogHelper  : HHH000204: Processing PersistenceUnitInfo [name: default]
2024-09-24T13:18:20.802+08:00  INFO 5932 --- [demo] [restartedMain] org.hibernate.Version                    : HHH000412: Hibernate ORM core version 6.5.3.Final
2024-09-24T13:18:20.932+08:00  INFO 5932 --- [demo] [restartedMain] o.h.c.internal.RegionFactoryInitiator    : HHH000026: Second-level cache disabled
2024-09-24T13:18:21.657+08:00  INFO 5932 --- [demo] [restartedMain] o.s.o.j.p.SpringPersistenceUnitInfo      : No LoadTimeWeaver setup: ignoring JPA class transformer
2024-09-24T13:18:21.736+08:00  INFO 5932 --- [demo] [restartedMain] com.zaxxer.hikari.HikariDataSource       : HikariPool-1 - Starting...
2024-09-24T13:18:22.202+08:00  INFO 5932 --- [demo] [restartedMain] com.zaxxer.hikari.pool.HikariPool        : HikariPool-1 - Added connection ConnectionID:1 ClientConnectionId: 27bd0ed2-d48f-43f2-b610-3dab8e73be7a
2024-09-24T13:18:22.205+08:00  INFO 5932 --- [demo] [restartedMain] com.zaxxer.hikari.HikariDataSource       : HikariPool-1 - Start completed.
2024-09-24T13:18:22.241+08:00  WARN 5932 --- [demo] [restartedMain] org.hibernate.orm.deprecation            : HHH90000025: SQLServerDialect does not need to be specified explicitly using 'hibernate.dialect' (remove the property setting and it will be selected by default)
2024-09-24T13:18:23.738+08:00  INFO 5932 --- [demo] [restartedMain] o.h.e.t.j.p.i.JtaPlatformInitiator       : HHH000489: No JTA platform available (set 'hibernate.transaction.jta.platform' to enable JTA platform integration)
2024-09-24T13:18:23.829+08:00  INFO 5932 --- [demo] [restartedMain] j.LocalContainerEntityManagerFactoryBean : Initialized JPA EntityManagerFactory for persistence unit 'default'
2024-09-24T13:18:25.041+08:00  WARN 5932 --- [demo] [restartedMain] JpaBaseConfiguration$JpaWebConfiguration : spring.jpa.open-in-view is enabled by default. Therefore, database queries may be performed during view rendering. Explicitly configure spring.jpa.open-in-view to disable this warning
2024-09-24T13:18:25.856+08:00  INFO 5932 --- [demo] [restartedMain] o.s.b.d.a.OptionalLiveReloadServer       : LiveReload server is running on port 35729
2024-09-24T13:18:25.921+08:00  INFO 5932 --- [demo] [restartedMain] o.s.b.w.embedded.tomcat.TomcatWebServer  : Tomcat started on port 8080 (http) with context path '/'
2024-09-24T13:18:25.941+08:00  INFO 5932 --- [demo] [restartedMain] com.alif.demo.DemoApplication            : Started DemoApplication in 13.883 seconds (process running for 15.533)
2024-09-24T13:18:35.969+08:00  INFO 5932 --- [demo] [http-nio-8080-exec-1] o.a.c.c.C.[Tomcat].[localhost].[/]       : Initializing Spring DispatcherServlet 'dispatcherServlet'
2024-09-24T13:18:35.969+08:00  INFO 5932 --- [demo] [http-nio-8080-exec-1] o.s.web.servlet.DispatcherServlet        : Initializing Servlet 'dispatcherServlet'
2024-09-24T13:18:35.970+08:00  INFO 5932 --- [demo] [http-nio-8080-exec-1] o.s.web.servlet.DispatcherServlet        : Completed initialization in 1 ms
2024-09-24T13:18:36.124+08:00  INFO 5932 --- [demo] [http-nio-8080-exec-1] com.alif.demo.todo.TodoService           : Fetching todo with id: 12
2024-09-24T13:18:36.589+08:00  INFO 5932 --- [demo] [http-nio-8080-exec-1] com.alif.demo.todo.TodoService           : Deleting todo with id: 12
2024-09-24T13:18:36.606+08:00  INFO 5932 --- [demo] [http-nio-8080-exec-1] com.alif.demo.todo.TodoController        : Todo delete =>
